Arguments: 
  /opt/homebrew/Cellar/node/17.6.0_1/bin/node /opt/homebrew/Cellar/yarn/1.22.17_2/libexec/bin/yarn.js add @chainlink

PATH: 
  /opt/homebrew/bin:/Users/juan/.pyenv/shims:/bin:/usr/local/bin:/usr/bin:/bin:/usr/sbin:/sbin:$PATH:/Applications/Visual Studio Code.app/Contents/Resources/app/bin:/Users/juan/.local/bin:/Users/juan/Library/Python/3.9/bin

Yarn version: 
  1.22.17

Node version: 
  17.6.0

Platform: 
  darwin arm64

Trace: 
  Error: https://registry.yarnpkg.com/@chainlink: Request "https://registry.yarnpkg.com/@chainlink" returned a 405
      at Request.params.callback [as _callback] (/opt/homebrew/Cellar/yarn/1.22.17_2/libexec/lib/cli.js:67038:18)
      at Request.self.callback (/opt/homebrew/Cellar/yarn/1.22.17_2/libexec/lib/cli.js:140883:22)
      at Request.emit (node:events:527:28)
      at Request.<anonymous> (/opt/homebrew/Cellar/yarn/1.22.17_2/libexec/lib/cli.js:141855:10)
      at Request.emit (node:events:527:28)
      at IncomingMessage.<anonymous> (/opt/homebrew/Cellar/yarn/1.22.17_2/libexec/lib/cli.js:141777:12)
      at Object.onceWrapper (node:events:641:28)
      at IncomingMessage.emit (node:events:539:35)
      at endReadableNT (node:internal/streams/readable:1342:12)
      at processTicksAndRejections (node:internal/process/task_queues:83:21)

npm manifest: 
  No manifest

yarn manifest: 
  No manifest

Lockfile: 
  # THIS IS AN AUTOGENERATED FILE. DO NOT EDIT THIS FILE DIRECTLY.
  # yarn lockfile v1
